Drill report for /home/bernhard/projects/ArduTrx/hardware/ArduTrxDMRShield/kicad_source/ArduTrxDMRShield.kicad_pcb
Created on Di 27 Nov 2018 01:55:26 CET

Copper Layer Stackup:
    =============================================================
    L1 :  F.Cu                      front
    L2 :  B.Cu                      back


Drill file 'ArduTrxDMRShield-PTH.drl' contains
    plated through holes:
    =============================================================
    T1  0,40mm  0,016"  (83 holes)
    T2  0,50mm  0,020"  (2 holes)
    T3  0,80mm  0,032"  (2 holes)
    T4  1,00mm  0,039"  (39 holes)
    T5  1,02mm  0,040"  (5 holes)
    T6  1,10mm  0,043"  (3 holes)
    T7  1,20mm  0,047"  (2 holes)
    T8  1,40mm  0,055"  (2 holes)
    T9  1,50mm  0,059"  (4 holes)
    T10  2,60mm  0,102"  (2 holes)

    Total plated holes count 144


Drill file 'ArduTrxDMRShield-NPTH.drl' contains
    unplated through holes:
    =============================================================
    T1  1,15mm  0,045"  (2 holes)
    T2  3,17mm  0,125"  (4 holes)

    Total unplated holes count 6
